Using pre-set license
Built from '2020.3/staging' branch; Version is '2020.3.16f1 (049d6eca3c44) revision 302446'; Using compiler version '192528614'; Build Type 'Release'
OS: 'Windows 10 Enterprise; OS build 17763.1518; Version 1809; 64bit' Language: 'en' Physical Memory: 16235 MB
BatchMode: 1, IsHumanControllingUs: 0, StartBugReporterOnCrash: 0, Is64bit: 1, IsPro: 0

 COMMAND LINE ARGUMENTS:
C:\Program Files\Unity\Hub\Editor\2020.3.16f1\Editor\Unity.exe
-adb2
-batchMode
-noUpm
-name
AssetImportWorker0
-projectPath
C:/Users/jborbolla/Documents/New folder/midterm, scripting for Game design
-logFile
Logs/AssetImportWorker0.log
-srvPort
61704
Successfully changed project path to: C:/Users/jborbolla/Documents/New folder/midterm, scripting for Game design
C:/Users/jborbolla/Documents/New folder/midterm, scripting for Game design
Using Asset Import Pipeline V2.
Refreshing native plugins compatible for Editor in 29.37 ms, found 2 plugins.
Preloading 0 native plugins for Editor in 0.00 ms.
Initialize engine version: 2020.3.16f1 (049d6eca3c44)
[Subsystems] Discovering subsystems at path C:/Program Files/Unity/Hub/Editor/2020.3.16f1/Editor/Data/Resources/UnitySubsystems
[Subsystems] Discovering subsystems at path C:/Users/jborbolla/Documents/New folder/midterm, scripting for Game design/Assets
GfxDevice: creating device client; threaded=0
Direct3D:
    Version:  Direct3D 11.0 [level 11.1]
    Renderer: NVIDIA Quadro P2000 (ID=0x1cba)
    Vendor:   
    VRAM:     4018 MB
    Driver:   27.21.14.5296
Initialize mono
Mono path[0] = 'C:/Program Files/Unity/Hub/Editor/2020.3.16f1/Editor/Data/Managed'
Mono path[1] = 'C:/Program Files/Unity/Hub/Editor/2020.3.16f1/Editor/Data/MonoBleedingEdge/lib/mono/unityjit'
Mono config path = 'C:/Program Files/Unity/Hub/Editor/2020.3.16f1/Editor/Data/MonoBleedingEdge/etc'
Using monoOptions --debugger-agent=transport=dt_socket,embedding=1,server=y,suspend=n,address=127.0.0.1:56564
Begin MonoManager ReloadAssembly
Registering precompiled unity dll's ...
Register platform support module: C:/Program Files/Unity/Hub/Editor/2020.3.16f1/Editor/Data/PlaybackEngines/WindowsStandaloneSupport/UnityEditor.WindowsStandalone.Extensions.dll
Registered in 0.002514 seconds.
Native extension for WindowsStandalone target not found
Refreshing native plugins compatible for Editor in 25.31 ms, found 2 plugins.
Preloading 0 native plugins for Editor in 0.00 ms.
Mono: successfully reloaded assembly
- Completed reload, in  1.488 seconds
Domain Reload Profiling:
	ReloadAssembly (1488ms)
		BeginReloadAssembly (63ms)
			ExecutionOrderSort (0ms)
			DisableScriptedObjects (0ms)
			BackupInstance (0ms)
			ReleaseScriptingObjects (0ms)
			CreateAndSetChildDomain (1ms)
		EndReloadAssembly (380ms)
			LoadAssemblies (61ms)
			RebuildTransferFunctionScriptingTraits (0ms)
			SetupTypeCache (136ms)
			ReleaseScriptCaches (0ms)
			RebuildScriptCaches (28ms)
			SetupLoadedEditorAssemblies (142ms)
				LogAssemblyErrors (0ms)
				InitializePlatformSupportModulesInManaged (3ms)
				SetLoadedEditorAssemblies (0ms)
				RefreshPlugins (25ms)
				BeforeProcessingInitializeOnLoad (16ms)
				ProcessInitializeOnLoadAttributes (71ms)
				ProcessInitializeOnLoadMethodAttributes (26ms)
				AfterProcessingInitializeOnLoad (0ms)
				EditorAssembliesLoaded (0ms)
			ExecutionOrderSort2 (0ms)
			AwakeInstancesAfterBackupRestoration (0ms)
Platform modules already initialized, skipping
Registering precompiled user dll's ...
Registered in 0.009395 seconds.
Begin MonoManager ReloadAssembly
Native extension for WindowsStandalone target not found
Refreshing native plugins compatible for Editor in 0.28 ms, found 2 plugins.
Preloading 0 native plugins for Editor in 0.00 ms.
Mono: successfully reloaded assembly
- Completed reload, in  1.008 seconds
Domain Reload Profiling:
	ReloadAssembly (1009ms)
		BeginReloadAssembly (140ms)
			ExecutionOrderSort (0ms)
			DisableScriptedObjects (4ms)
			BackupInstance (0ms)
			ReleaseScriptingObjects (0ms)
			CreateAndSetChildDomain (17ms)
		EndReloadAssembly (813ms)
			LoadAssemblies (93ms)
			RebuildTransferFunctionScriptingTraits (0ms)
			SetupTypeCache (249ms)
			ReleaseScriptCaches (0ms)
			RebuildScriptCaches (39ms)
			SetupLoadedEditorAssemblies (356ms)
				LogAssemblyErrors (0ms)
				InitializePlatformSupportModulesInManaged (4ms)
				SetLoadedEditorAssemblies (0ms)
				RefreshPlugins (0ms)
				BeforeProcessingInitializeOnLoad (69ms)
				ProcessInitializeOnLoadAttributes (271ms)
				ProcessInitializeOnLoadMethodAttributes (4ms)
				AfterProcessingInitializeOnLoad (6ms)
				EditorAssembliesLoaded (0ms)
			ExecutionOrderSort2 (0ms)
			AwakeInstancesAfterBackupRestoration (7ms)
Platform modules already initialized, skipping
========================================================================
Worker process is ready to serve import requests
Launched and connected shader compiler UnityShaderCompiler.exe after 0.08 seconds
Refreshing native plugins compatible for Editor in 0.30 ms, found 2 plugins.
Preloading 0 native plugins for Editor in 0.00 ms.
Unloading 1412 Unused Serialized files (Serialized files now loaded: 0)
System memory in use before: 65.9 MB.
System memory in use after: 66.0 MB.

Unloading 18 unused Assets to reduce memory usage. Loaded Objects now: 1846.
Total: 2.924100 ms (FindLiveObjects: 0.153100 ms CreateObjectMapping: 0.041500 ms MarkObjects: 2.658500 ms  DeleteObjects: 0.070000 ms)

AssetImportParameters requested are different than current active one (requested -> active):
  custom:framework-win-MediaFoundation: 216162199b28c13a410421893ffa2e32 -> 
  custom:video-decoder-ogg-theora: a1e56fd34408186e4bbccfd4996cb3dc -> 
  custom:container-muxer-webm: aa71ff27fc2769a1b78a27578f13a17b -> 
  custom:container-demuxer-webm: 4f35f7cbe854078d1ac9338744f61a02 -> 
  custom:container-demuxer-ogg: 62fdf1f143b41e24485cea50d1cbac27 -> 
  custom:video-encoder-webm-vp8: eb34c28f22e8b96e1ab97ce403110664 -> 
  custom:video-decoder-webm-vp8: 9c59270c3fd7afecdb556c50c9e8de78 -> 
  custom:audio-decoder-ogg-vorbis: bf7c407c2cedff20999df2af8eb42d56 -> 
  custom:audio-encoder-webm-vorbis: bf7c407c2cedff20999df2af8eb42d56 -> 
========================================================================
Received Import Request.
  path: Assets/Scenes
  artifactKey: Guid(572ded5cc1ba01f41883aba11325892f) Importer(815301076,1909f56bfc062723c751e8b465ee728b)
Start importing Assets/Scenes using Guid(572ded5cc1ba01f41883aba11325892f) Importer(815301076,1909f56bfc062723c751e8b465ee728b)  -> (artifact id: '55d60e02dc3c99693936e82671136bf9') in 0.006213 seconds 
  Import took 0.008471 seconds .

========================================================================
Received Import Request.
  Time since last request: 0.000813 seconds.
  path: Assets/Scenes/Main Level.unity
  artifactKey: Guid(9fc0d4010bbf28b4594072e72b8655ab) Importer(815301076,1909f56bfc062723c751e8b465ee728b)
Start importing Assets/Scenes/Main Level.unity using Guid(9fc0d4010bbf28b4594072e72b8655ab) Importer(815301076,1909f56bfc062723c751e8b465ee728b)  -> (artifact id: '26e3c0fb1025971917a49dc0edf9f413') in 0.011571 seconds 
  Import took 0.014287 seconds .

========================================================================
Received Import Request.
  Time since last request: 15.376095 seconds.
  path: Assets/Scenes/Level 2.unity
  artifactKey: Guid(d057b0de33563dd4c829c6a3cce8b0b3) Importer(815301076,1909f56bfc062723c751e8b465ee728b)
Start importing Assets/Scenes/Level 2.unity using Guid(d057b0de33563dd4c829c6a3cce8b0b3) Importer(815301076,1909f56bfc062723c751e8b465ee728b)  -> (artifact id: '66c770f36f150e3075d3aa38105ced24') in 0.004545 seconds 
  Import took 0.006836 seconds .

========================================================================
Received Import Request.
  Time since last request: 247.962224 seconds.
  path: Assets/Models/Box.prefab
  artifactKey: Guid(c7ccb43ef2f2228458434d1479e6a6f1) Importer(815301076,1909f56bfc062723c751e8b465ee728b)
Start importing Assets/Models/Box.prefab using Guid(c7ccb43ef2f2228458434d1479e6a6f1) Importer(815301076,1909f56bfc062723c751e8b465ee728b)  -> (artifact id: 'c8db82b40059e62ad20533e01f0f2857') in 0.111374 seconds 
  Import took 0.114057 seconds .

========================================================================
Received Import Request.
  Time since last request: 3017.190503 seconds.
  path: Assets/Models/lampblend.obj
  artifactKey: Guid(dc34200cac873684daf180104df2fe1b) Importer(815301076,1909f56bfc062723c751e8b465ee728b)
Start importing Assets/Models/lampblend.obj using Guid(dc34200cac873684daf180104df2fe1b) Importer(815301076,1909f56bfc062723c751e8b465ee728b)  -> (artifact id: 'd1ccb07befe1714df37bda26b9942fa3') in 0.083225 seconds 
  Import took 0.088685 seconds .

========================================================================
Received Import Request.
  Time since last request: 125.246226 seconds.
  path: Assets/Models/Flashlight blend.obj
  artifactKey: Guid(47cfa154851ce4846b52cf33ca618428) Importer(815301076,1909f56bfc062723c751e8b465ee728b)
Start importing Assets/Models/Flashlight blend.obj using Guid(47cfa154851ce4846b52cf33ca618428) Importer(815301076,1909f56bfc062723c751e8b465ee728b)  -> (artifact id: 'af1cfb3efa609bc3656fd5f77ff3be5b') in 0.026057 seconds 
  Import took 0.029338 seconds .

========================================================================
Received Import Request.
  Time since last request: 2.493302 seconds.
  path: Assets/Models/book blend.obj
  artifactKey: Guid(7b7862346dccf3f4a9975b428326c568) Importer(815301076,1909f56bfc062723c751e8b465ee728b)
Start importing Assets/Models/book blend.obj using Guid(7b7862346dccf3f4a9975b428326c568) Importer(815301076,1909f56bfc062723c751e8b465ee728b)  -> (artifact id: '98b3cf5150354580693135e51db6b8b8') in 0.023860 seconds 
  Import took 0.026799 seconds .

========================================================================
Received Import Request.
  Time since last request: 1.986456 seconds.
  path: Assets/Models/Notepad.obj
  artifactKey: Guid(9976dd8abe5f48d48b2cde6d4633189c) Importer(815301076,1909f56bfc062723c751e8b465ee728b)
Start importing Assets/Models/Notepad.obj using Guid(9976dd8abe5f48d48b2cde6d4633189c) Importer(815301076,1909f56bfc062723c751e8b465ee728b)  -> (artifact id: 'b13e4de84d9ef3b8b60b58f7056755af') in 0.023272 seconds 
  Import took 0.027198 seconds .

========================================================================
Received Import Request.
  Time since last request: 1.653663 seconds.
  path: Assets/Models/pen blend.obj
  artifactKey: Guid(9667158c812e4f143bf161999f4f7909) Importer(815301076,1909f56bfc062723c751e8b465ee728b)
Start importing Assets/Models/pen blend.obj using Guid(9667158c812e4f143bf161999f4f7909) Importer(815301076,1909f56bfc062723c751e8b465ee728b)  -> (artifact id: 'c87f37c5455a69ecd64b6b63f67aae82') in 0.025794 seconds 
  Import took 0.028226 seconds .

========================================================================
Received Import Request.
  Time since last request: 1.298827 seconds.
  path: Assets/Models/baton blend.obj
  artifactKey: Guid(73c40da70b103f64095ab206737c75e0) Importer(815301076,1909f56bfc062723c751e8b465ee728b)
Start importing Assets/Models/baton blend.obj using Guid(73c40da70b103f64095ab206737c75e0) Importer(815301076,1909f56bfc062723c751e8b465ee728b)  -> (artifact id: '1808ddc6b91956d454a5cb8f26cd88ed') in 0.026773 seconds 
  Import took 0.030142 seconds .

========================================================================
Received Import Request.
  Time since last request: 1.593655 seconds.
  path: Assets/Models/player blend.obj
  artifactKey: Guid(d140e8b5508d4b14999168c05cc91036) Importer(815301076,1909f56bfc062723c751e8b465ee728b)
Start importing Assets/Models/player blend.obj using Guid(d140e8b5508d4b14999168c05cc91036) Importer(815301076,1909f56bfc062723c751e8b465ee728b)  -> (artifact id: 'd94807ee7cefe30fd934e1e3cb8041fd') in 0.025359 seconds 
  Import took 0.028009 seconds .

========================================================================
Received Import Request.
  Time since last request: 1.449483 seconds.
  path: Assets/Models/other notes blend.obj
  artifactKey: Guid(18be0055d6881a74ca7c368bc462b59d) Importer(815301076,1909f56bfc062723c751e8b465ee728b)
Start importing Assets/Models/other notes blend.obj using Guid(18be0055d6881a74ca7c368bc462b59d) Importer(815301076,1909f56bfc062723c751e8b465ee728b)  -> (artifact id: '147087582627af3bc46fe5c8397abf2c') in 0.023635 seconds 
  Import took 0.026160 seconds .

========================================================================
Received Import Request.
  Time since last request: 45.837236 seconds.
  path: Assets/Materials
  artifactKey: Guid(e3eee785dad63d64fa91f47b9dd23229) Importer(815301076,1909f56bfc062723c751e8b465ee728b)
Start importing Assets/Materials using Guid(e3eee785dad63d64fa91f47b9dd23229) Importer(815301076,1909f56bfc062723c751e8b465ee728b)  -> (artifact id: 'd24f1891aa191250fa44750c0bc9bca9') in 0.005098 seconds 
  Import took 0.007521 seconds .

========================================================================
Received Import Request.
  Time since last request: 0.000493 seconds.
  path: Assets/Materials
  artifactKey: Guid(e3eee785dad63d64fa91f47b9dd23229) Importer(815301076,1909f56bfc062723c751e8b465ee728b)
Start importing Assets/Materials using Guid(e3eee785dad63d64fa91f47b9dd23229) Importer(815301076,1909f56bfc062723c751e8b465ee728b)  -> (artifact id: 'd24f1891aa191250fa44750c0bc9bca9') in 0.004276 seconds 
  Import took 0.006881 seconds .

========================================================================
Received Import Request.
  Time since last request: 6.773108 seconds.
  path: Assets/Materials/New Material.mat
  artifactKey: Guid(8ba327dfb45c8cf48ac5916fed57b6eb) Importer(815301076,1909f56bfc062723c751e8b465ee728b)
Start importing Assets/Materials/New Material.mat using Guid(8ba327dfb45c8cf48ac5916fed57b6eb) Importer(815301076,1909f56bfc062723c751e8b465ee728b)  -> (artifact id: '1b6fb23c8876272e751bfcf0899f22bb') in 0.031140 seconds 
  Import took 0.036208 seconds .

========================================================================
Received Import Request.
  Time since last request: 28.195420 seconds.
  path: Assets/Materials/wood.jpg
  artifactKey: Guid(cd89b7e801391a24da4ea4023d64d0f9) Importer(815301076,1909f56bfc062723c751e8b465ee728b)
Start importing Assets/Materials/wood.jpg using Guid(cd89b7e801391a24da4ea4023d64d0f9) Importer(815301076,1909f56bfc062723c751e8b465ee728b)  -> (artifact id: '9fcdbba49dfe6c8045c9c93bd76358cb') in 0.075633 seconds 
  Import took 0.078051 seconds .

========================================================================
Received Import Request.
  Time since last request: 44.863212 seconds.
  path: Assets/Models/Box.prefab
  artifactKey: Guid(c7ccb43ef2f2228458434d1479e6a6f1) Importer(815301076,1909f56bfc062723c751e8b465ee728b)
Start importing Assets/Models/Box.prefab using Guid(c7ccb43ef2f2228458434d1479e6a6f1) Importer(815301076,1909f56bfc062723c751e8b465ee728b)  -> (artifact id: '8b5d61198dc6b8b78c21a15e4422c62b') in 0.009769 seconds 
  Import took 0.012391 seconds .

========================================================================
Received Import Request.
  Time since last request: 512.386057 seconds.
  path: Assets/Materials/New Material.mat
  artifactKey: Guid(8ba327dfb45c8cf48ac5916fed57b6eb) Importer(815301076,1909f56bfc062723c751e8b465ee728b)
Start importing Assets/Materials/New Material.mat using Guid(8ba327dfb45c8cf48ac5916fed57b6eb) Importer(815301076,1909f56bfc062723c751e8b465ee728b)  -> (artifact id: 'abae21100ff93c38798025ed954f6b77') in 0.012244 seconds 
  Import took 0.015146 seconds .

========================================================================
Received Import Request.
  Time since last request: 26.767379 seconds.
  path: Assets/Materials/New Material 1.mat
  artifactKey: Guid(d4b758daf534c0e48a74978a9feaf994) Importer(815301076,1909f56bfc062723c751e8b465ee728b)
Start importing Assets/Materials/New Material 1.mat using Guid(d4b758daf534c0e48a74978a9feaf994) Importer(815301076,1909f56bfc062723c751e8b465ee728b)  -> (artifact id: '545899860738572738b5b0c6ff0727be') in 0.012202 seconds 
  Import took 0.015173 seconds .

========================================================================
Received Import Request.
  Time since last request: 21.210628 seconds.
  path: Assets/Materials/New Material 2.mat
  artifactKey: Guid(a30cd91f3d969254dbbd5da55dc24971) Importer(815301076,1909f56bfc062723c751e8b465ee728b)
Start importing Assets/Materials/New Material 2.mat using Guid(a30cd91f3d969254dbbd5da55dc24971) Importer(815301076,1909f56bfc062723c751e8b465ee728b)  -> (artifact id: 'a0ba51ff4dc665795a86894048563620') in 0.012439 seconds 
  Import took 0.015794 seconds .

========================================================================
Received Import Request.
  Time since last request: 26.347857 seconds.
  path: Assets/Materials/New Material 3.mat
  artifactKey: Guid(b3482f1fbd67d4e4cb01cc313326673b) Importer(815301076,1909f56bfc062723c751e8b465ee728b)
Start importing Assets/Materials/New Material 3.mat using Guid(b3482f1fbd67d4e4cb01cc313326673b) Importer(815301076,1909f56bfc062723c751e8b465ee728b)  -> (artifact id: 'f449d0f4e227862cd9038df11afd8e10') in 0.012152 seconds 
  Import took 0.014503 seconds .

========================================================================
Received Import Request.
  Time since last request: 47.253562 seconds.
  path: Assets/Materials/New Material 4.mat
  artifactKey: Guid(5ffc5a55ec107c3408646b299dd8f930) Importer(815301076,1909f56bfc062723c751e8b465ee728b)
Start importing Assets/Materials/New Material 4.mat using Guid(5ffc5a55ec107c3408646b299dd8f930) Importer(815301076,1909f56bfc062723c751e8b465ee728b)  -> (artifact id: 'ca1efa45ea87c02fecbdd8ff61a2d7f0') in 0.013126 seconds 
  Import took 0.016275 seconds .

